<?xml version="1.0" encoding="UTF-8"?>
<!-- Generated by org.testng.reporters.JUnitReportReporter -->
<testsuite hostname="MSI" failures="0" tests="5" name="apiTestCases.UserInfo" time="7.973" errors="0" timestamp="2024-08-17T11:06:16 IST" skipped="0">
  <testcase classname="apiTestCases.UserInfo" name="getUserInfo" time="1.230"/>
  <system-out/>
  <testcase classname="apiTestCases.UserInfo" name="getUserInfo" time="1.416"/>
  <system-out/>
  <testcase classname="apiTestCases.UserInfo" name="getUserInfo" time="1.433"/>
  <system-out/>
  <testcase classname="apiTestCases.UserInfo" name="getUserInfo" time="2.710"/>
  <system-out/>
  <testcase classname="apiTestCases.UserInfo" name="getUserInfo" time="1.184"/>
  <system-out/>
</testsuite> <!-- apiTestCases.UserInfo -->
