<?xml version="1.0" encoding="UTF-8"?>
<!-- Generated by org.testng.reporters.JUnitReportReporter -->
<testsuite hostname="MSI" failures="0" tests="5" name="DataDrivenTesting.UserInfo" time="6.752" errors="0" timestamp="2024-08-16T12:23:30 IST" skipped="0">
  <testcase classname="DataDrivenTesting.UserInfo" name="post_programs" time="1.963"/>
  <testcase classname="DataDrivenTesting.UserInfo" name="post_programs" time="1.237"/>
  <testcase classname="DataDrivenTesting.UserInfo" name="post_programs" time="1.175"/>
  <testcase classname="DataDrivenTesting.UserInfo" name="post_programs" time="1.133"/>
  <testcase classname="DataDrivenTesting.UserInfo" name="post_programs" time="1.244"/>
</testsuite> <!-- DataDrivenTesting.UserInfo -->
